<?xml version="1.0" encoding="UTF-8"?>
<!-- Generated by org.testng.reporters.JUnitXMLReporter -->
<testsuite ignored="0" hostname="LAPTOP-U8CK1SHD" failures="1" tests="3" name="Test" time="33.864" errors="0" timestamp="2024-07-05T12:12:38 IST">
  <testcase classname="SSquareIT.SeleniumFrameworkbySSquareIT.E2ETest2" name="endToEndTest" time="14.612"/>
  <testcase classname="SSquareIT.SeleniumFrameworkbySSquareIT.E2ETest2" name="endToEndTest" time="11.376"/>
  <testcase classname="SSquareIT.SeleniumFrameworkbySSquareIT.VerifyInvalidLogin" name="verifyLoginWithInvalidCreds" time="7.612">
    <failure type="java.lang.AssertionError" message="expected [https://tutorialsninja.com/demo/index.php?route=account/account] but found [https://tutorialsninja.com/demo/index.php?route=account/login]">
      <![CDATA[java.lang.AssertionError: expected [https://tutorialsninja.com/demo/index.php?route=account/account] but found [https://tutorialsninja.com/demo/index.php?route=account/login]
at SSquareIT.SeleniumFrameworkbySSquareIT.VerifyInvalidLogin.verifyLoginWithInvalidCreds(VerifyInvalidLogin.java:24)
at java.base/java.util.ArrayList.forEach(ArrayList.java:1511)
... Removed 33 stack frames]]>
    </failure>
  </testcase> <!-- verifyLoginWithInvalidCreds -->
</testsuite> <!-- Test -->
